############################## loso split running #############################
######################### Classifier LogisticRegression running #######################
Best Params:  {'C': 0.05, 'class_weight': 'balanced', 'fit_intercept': True, 'intercept_scaling': True, 'max_iter': 4, 'n_jobs': -1, 'penalty': 'l1', 'random_state': 300, 'tol': 0.001}

best score 0.5051546391752577
accuracy:  0.5967741935483871

micro_f1: 0.5967741935483871   macro_f1: 0.14949494949494951  weigthed_f1: 0.44607363962202673

micro_recall: 0.5967741935483871   macro_recall: 0.2  weigthed_recall: 0.5967741935483871

micro_precision: 0.5967741935483871   macro_precision: 0.11935483870967742  weigthed_precision: 0.35613943808532783

############################### Confusion Matrix ############################
[[  0   0   6   0   0]
 [  0   0  13   0   0]
 [  0   0 111   0   0]
 [  0   0  31   0   0]
 [  0   0  25   0   0]]

#################################################################################
######################### Classifier RandomForestClassifier running #######################
Best Params:  {'class_weight': 'balanced_subsample', 'criterion': 'entropy', 'max_depth': 20, 'max_features': 15, 'min_samples_split': 3, 'n_estimators': 200, 'n_jobs': -1, 'random_state': 500}

best score 0.725614591593973
accuracy:  0.7204301075268817

micro_f1: 0.7204301075268817   macro_f1: 0.5168830537051881  weigthed_f1: 0.7074819973685205

micro_recall: 0.7204301075268817   macro_recall: 0.49284188406769047  weigthed_recall: 0.7204301075268817

micro_precision: 0.7204301075268817   macro_precision: 0.5656040865522585  weigthed_precision: 0.7181366985550555

############################### Confusion Matrix ############################
[[  2   0   4   0   0]
 [  3   2   7   1   0]
 [  2   5 100   1   3]
 [  0   2  11  16   2]
 [  0   1   9   1  14]]

#################################################################################
######################### Classifier SVM running #######################
Best Params:  {'C': 5, 'class_weight': 'balanced', 'decision_function_shape': 'ovr', 'degree': 2, 'gamma': 1, 'kernel': 'rbf', 'max_iter': 200, 'probability': True, 'random_state': 100, 'tol': 0.1}

best score 0.18080888183980967
accuracy:  0.12365591397849462

micro_f1: 0.12365591397849462   macro_f1: 0.1280295566502463  weigthed_f1: 0.06087495806628175

micro_recall: 0.12365591397849462   macro_recall: 0.2742464846980976  weigthed_recall: 0.12365591397849462

micro_precision: 0.12365591397849462   macro_precision: 0.1070472588410484  weigthed_precision: 0.05242123354584089

############################### Confusion Matrix ############################
[[ 1  5  0  0  0]
 [ 1  9  0  0  3]
 [ 2 58  0 10 41]
 [ 2 22  0  1  6]
 [ 0 13  0  0 12]]

#################################################################################
