############################## predefined split running #############################
######################### Classifier LogisticRegression running #######################
Best Params:  {'C': 0.1, 'class_weight': 'balanced', 'fit_intercept': True, 'intercept_scaling': True, 'max_iter': 4, 'n_jobs': -1, 'penalty': 'l1', 'random_state': 300, 'tol': 0.075}

best score 0.49206349206349204
accuracy:  0.391025641025641

micro_f1: 0.391025641025641   macro_f1: 0.14444444444444443  weigthed_f1: 0.26246438746438744

micro_recall: 0.391025641025641   macro_recall: 0.20703296703296706  weigthed_recall: 0.391025641025641

micro_precision: 0.391025641025641   macro_precision: 0.11330500163452109  weigthed_precision: 0.1992627890797227

############################### Confusion Matrix ############################
[[ 0  0  4  5  0]
 [ 0  0 15  0  0]
 [ 0  0 58  7  0]
 [ 0  0 18  3  0]
 [ 0  0 38  8  0]]

#################################################################################
######################### Classifier RandomForestClassifier running #######################
Best Params:  {'class_weight': 'balanced', 'criterion': 'gini', 'max_depth': 20, 'max_features': 10, 'min_samples_split': 7, 'n_estimators': 100, 'n_jobs': -1, 'random_state': 400}

best score 0.8214285714285714
accuracy:  0.6987179487179487

micro_f1: 0.6987179487179487   macro_f1: 0.5099771209470403  weigthed_f1: 0.6785863032378072

micro_recall: 0.6987179487179487   macro_recall: 0.5123204331899984  weigthed_recall: 0.6987179487179487

micro_precision: 0.6987179487179487   macro_precision: 0.5215009380863039  weigthed_precision: 0.6708519747919373

############################### Confusion Matrix ############################
[[ 0  2  3  0  4]
 [ 0  6  6  3  0]
 [ 1  2 57  4  1]
 [ 0  0  9 11  1]
 [ 0  0  3  8 35]]

#################################################################################
######################### Classifier SVM running #######################
Best Params:  {'C': 5, 'class_weight': 'balanced', 'decision_function_shape': 'ovr', 'degree': 2, 'gamma': 1, 'kernel': 'rbf', 'max_iter': 100, 'probability': True, 'random_state': 100, 'tol': 0.1}

best score 0.1865079365079365
accuracy:  0.23717948717948717

micro_f1: 0.23717948717948717   macro_f1: 0.1743206266060791  weigthed_f1: 0.15647615474552257

micro_recall: 0.23717948717948717   macro_recall: 0.3309178743961353  weigthed_recall: 0.23717948717948717

micro_precision: 0.23717948717948717   macro_precision: 0.12708333333333335  weigthed_precision: 0.12172809829059829

############################### Confusion Matrix ############################
[[ 7  2  0  0  0]
 [ 2  5  0  0  8]
 [20 15  0  0 30]
 [ 4  5  0  0 12]
 [15  5  0  1 25]]

#################################################################################
############################## kfold split running #############################
######################### Classifier LogisticRegression running #######################
Best Params:  {'C': 0.02, 'class_weight': 'balanced', 'fit_intercept': True, 'intercept_scaling': True, 'max_iter': 3, 'n_jobs': -1, 'penalty': 'l1', 'random_state': 500, 'tol': 0.01}

best score 0.5059476605868358
accuracy:  0.5967741935483871

micro_f1: 0.5967741935483871   macro_f1: 0.14949494949494951  weigthed_f1: 0.44607363962202673

micro_recall: 0.5967741935483871   macro_recall: 0.2  weigthed_recall: 0.5967741935483871

micro_precision: 0.5967741935483871   macro_precision: 0.11935483870967742  weigthed_precision: 0.35613943808532783

############################### Confusion Matrix ############################
[[  0   0   6   0   0]
 [  0   0  13   0   0]
 [  0   0 111   0   0]
 [  0   0  31   0   0]
 [  0   0  25   0   0]]

#################################################################################
######################### Classifier RandomForestClassifier running #######################
Best Params:  {'class_weight': 'balanced', 'criterion': 'gini', 'max_depth': 50, 'max_features': 15, 'min_samples_split': 2, 'n_estimators': 100, 'n_jobs': -1, 'random_state': 100}

best score 0.6986518636003172
accuracy:  0.7096774193548387

micro_f1: 0.7096774193548389   macro_f1: 0.4998692810457516  weigthed_f1: 0.6950734415630051

micro_recall: 0.7096774193548387   macro_recall: 0.48148704535801307  weigthed_recall: 0.7096774193548387

micro_precision: 0.7096774193548387   macro_precision: 0.5591679638191266  weigthed_precision: 0.7183813935501857

############################### Confusion Matrix ############################
[[  2   1   3   0   0]
 [  2   2   7   1   1]
 [  2   5 100   0   4]
 [  0   2  10  13   6]
 [  0   1   9   0  15]]

#################################################################################
######################### Classifier SVM running #######################
Best Params:  {'C': 5, 'class_weight': 'balanced', 'decision_function_shape': 'ovr', 'degree': 2, 'gamma': 1, 'kernel': 'rbf', 'max_iter': 200, 'probability': True, 'random_state': 100, 'tol': 0.1}

best score 0.17287866772402855
accuracy:  0.12365591397849462

micro_f1: 0.12365591397849462   macro_f1: 0.1280295566502463  weigthed_f1: 0.06087495806628175

micro_recall: 0.12365591397849462   macro_recall: 0.2742464846980976  weigthed_recall: 0.12365591397849462

micro_precision: 0.12365591397849462   macro_precision: 0.1070472588410484  weigthed_precision: 0.05242123354584089

############################### Confusion Matrix ############################
[[ 1  5  0  0  0]
 [ 1  9  0  0  3]
 [ 2 58  0 10 41]
 [ 2 22  0  1  6]
 [ 0 13  0  0 12]]

#################################################################################
